Arguments: 
  /home/starch/.nvm/versions/node/v14.9.0/bin/node /home/starch/.nvm/versions/node/v14.9.0/bin/yarn

PATH: 
  /home/starch/.vscode-server/bin/c3f126316369cd610563c75b1b1725e0679adfb3/bin:/home/starch/.nvm/versions/node/v14.9.0/bin:/home/starch/linuxbrew/.linuxbrew/bin:/home/starch/.local/bin:/usr/local/sbin:/usr/local/bin:/usr/sbin:/usr/bin:/sbin:/bin:/usr/games:/usr/local/games:/mnt/c/Program Files (x86)/NVIDIA Corporation/PhysX/Common:/mnt/c/WINDOWS/system32:/mnt/c/WINDOWS:/mnt/c/WINDOWS/System32/Wbem:/mnt/c/WINDOWS/System32/WindowsPowerShell/v1.0/:/mnt/c/WINDOWS/System32/OpenSSH/:/mnt/c/Program Files (x86)/Touch Portal/plugins/adb/platform-tools:/mnt/c/Program Files/dotnet/:/mnt/c/Program Files/Git/cmd:/mnt/c/Program Files (x86)/GnuPG/bin:/mnt/c/Program Files/Docker/Docker/resources/bin:/mnt/c/ProgramData/DockerDesktop/version-bin:/mnt/c/Users/starch/AppData/Local/Microsoft/WindowsApps:/mnt/c/Users/starch/AppData/Local/Programs/Microsoft VS Code/bin

Yarn version: 
  1.22.10

Node version: 
  14.9.0

Platform: 
  linux x64

Trace: 
  Error: EACCES: permission denied, mkdir '/home/starch/microfrontend-jsruntimeintegration-example/recipe-server/node_modules/abbrev'

npm manifest: 
  {
    "name": "recipe-server",
    "version": "1.0.0",
    "main": "src/index.js",
    "scripts": {
      "start:dev": "ts-node src/index.ts",
      "build": "tsc --project tsconfig.json"
    },
    "author": "",
    "license": "MIT",
    "dependencies": {
      "express": "^4.17.1",
      "knex": "^0.95.6",
      "mysql": "^2.18.1"
    },
    "devDependencies": {
      "@tsconfig/node12": "^1.0.7",
      "@types/express": "^4.17.13",
      "@types/node": "^15.6.1",
      "nodemon": "^2.0.2",
      "ts-node": "^10.0.0",
      "typescript": "^4.3.5"
    }
  }

yarn manifest: 
  No manifest

Lockfile: 
  No lockfile
